<?xml version="1.0" encoding="UTF-8"?>
<!-- Generated by org.testng.reporters.JUnitReportReporter -->
<testsuite hostname="Admin" name="com.rameshsft.businessScripts.SampleTest" tests="1" failures="0" timestamp="13 Jun 2021 06:55:12 GMT" time="16.393" errors="0">
  <testcase name="testOne" time="16.393" classname="com.rameshsft.businessScripts.SampleTest"/>
</testsuite> <!-- com.rameshsft.businessScripts.SampleTest -->
